FUNCTION swap :
PARAM a
PARAM b
ttem := a
t1 := b
a := t1
t2 := ttem
b := t2
t3 := a
WRITE t3
t4 := b
WRITE t4
t5 := a
RETURN t5

FUNCTION main :
DEC x 20
i := #0
LABEL label1 :
t6 := i
t7 := #5
IF t6 < t7 GOTO label2
GOTO label3
LABEL label2 :
t8 := #0
t9 := i
t9 := t9 * #4
t8 := t8 + #0
t8 := t8 + t9
READ t10
t11 := &x + t8
*t11 := t10
t12 := i
t13 := #0
IF t12 > t13 GOTO label4
GOTO label5
LABEL label4 :
t15 := #0
t17 := i
t18 := #1
t16 := t17 - t18
t16 := t16 * #4
t15 := t15 + #0
t15 := t15 + t16
t19 := &x + t15
t14 := *t19
t21 := #0
t22 := i
t22 := t22 * #4
t21 := t21 + #0
t21 := t21 + t22
t23 := &x + t21
t20 := *t23
ARG t20
ARG t14
t24 := CALL swap
LABEL label5 :
t26 := i
t27 := #1
t25 := t26 + t27
i := t25
GOTO label1
LABEL label3 :
t28 := #0
RETURN t28

